  RentalAdministrationTest.cpp
d:\development\prc3\assignment1\test\rentaladministrationtest.cpp(60): error C2660: 'RentalAdministration::GetCars': function does not take 0 arguments
d:\development\prc3\assignment1\test\rentaladministrationtest.cpp(60): error C2228: left of '.size' must have class/struct/union
d:\development\prc3\assignment1\test\rentaladministrationtest.cpp(60): error C2780: 'testing::AssertionResult testing::internal::EqHelper<true>::Compare(const char *,const char *,testing::internal::Secret *,T *)': expects 4 arguments - 3 provided
  d:\development\prc3\assignment1\include\gtest\gtest.h(1469): note: see declaration of 'testing::internal::EqHelper<true>::Compare'
d:\development\prc3\assignment1\test\rentaladministrationtest.cpp(60): error C2780: 'testing::AssertionResult testing::internal::EqHelper<true>::Compare(const char *,const char *,const T1 &,const T2 &,EnableIf<!testing::internal::is_pointer<T2>::value>::type *)': expects 5 arguments - 3 provided
  d:\development\prc3\assignment1\include\gtest\gtest.h(1451): note: see declaration of 'testing::internal::EqHelper<true>::Compare'
d:\development\prc3\assignment1\test\rentaladministrationtest.cpp(60): error C2512: 'testing::AssertionResult': no appropriate default constructor available
  d:\development\prc3\assignment1\include\gtest\gtest.h(256): note: see declaration of 'testing::AssertionResult'
d:\development\prc3\assignment1\test\rentaladministrationtest.cpp(76): error C2660: 'RentalAdministration::GetCars': function does not take 0 arguments
d:\development\prc3\assignment1\test\rentaladministrationtest.cpp(76): error C2228: left of '.size' must have class/struct/union
d:\development\prc3\assignment1\test\rentaladministrationtest.cpp(76): error C2660: 'testing::internal::EqHelper<false>::Compare': function does not take 3 arguments
d:\development\prc3\assignment1\test\rentaladministrationtest.cpp(76): error C2512: 'testing::AssertionResult': no appropriate default constructor available
  d:\development\prc3\assignment1\include\gtest\gtest.h(256): note: see declaration of 'testing::AssertionResult'
  LimousineTest.cpp
d:\development\prc3\assignment1\test\limousinetest.cpp(19): error C2039: 'HasMinibar': is not a member of 'Limousine'
  d:\development\prc3\assignment1\product\cars\limousine.h(7): note: see declaration of 'Limousine'
d:\development\prc3\assignment1\test\limousinetest.cpp(19): error C2660: 'testing::internal::EqHelper<false>::Compare': function does not take 3 arguments
d:\development\prc3\assignment1\test\limousinetest.cpp(19): error C2512: 'testing::AssertionResult': no appropriate default constructor available
  d:\development\prc3\assignment1\include\gtest\gtest.h(256): note: see declaration of 'testing::AssertionResult'
  Car.cpp
d:\development\prc3\assignment1\product\cars\car.cpp(38): error C2084: function 'bool Car::Rent(void)' already has a body
  d:\development\prc3\assignment1\test\car.h(34): note: see previous definition of 'Rent'
d:\development\prc3\assignment1\product\cars\car.cpp(49): error C2084: function 'double Car::Return(int)' already has a body
  d:\development\prc3\assignment1\test\car.h(35): note: see previous definition of 'Return'
d:\development\prc3\assignment1\product\cars\car.cpp(89): error C2511: 'std::string Car::GetLicencePlate(void)': overloaded member function not found in 'Car'
  d:\development\prc3\assignment1\test\car.h(11): note: see declaration of 'Car'
d:\development\prc3\assignment1\product\cars\car.cpp(90): error C2597: illegal reference to non-static member 'Car::_LicencePlate'
d:\development\prc3\assignment1\product\cars\car.cpp(109): error C2084: function 'void Car::Clean(void)' already has a body
  d:\development\prc3\assignment1\test\car.h(36): note: see previous definition of 'Clean'
  Generating Code...
